0 info it worked if it ends with ok
1 verbose cli [ '/home/ubuntu/.nvm/v0.10.35/bin/node',
1 verbose cli   '/home/ubuntu/.nvm/v0.10.35/bin/npm',
1 verbose cli   'install',
1 verbose cli   'moongoose',
1 verbose cli   '--save' ]
2 info using npm@1.4.28
3 info using node@v0.10.35
4 warn package.json nodejs@1.0.0 No repository field.
5 verbose readDependencies using package.json deps
6 verbose cache add [ 'moongoose', null ]
7 verbose cache add name=undefined spec="moongoose" args=["moongoose",null]
8 verbose parsed url { protocol: null,
8 verbose parsed url   slashes: null,
8 verbose parsed url   auth: null,
8 verbose parsed url   host: null,
8 verbose parsed url   port: null,
8 verbose parsed url   hostname: null,
8 verbose parsed url   hash: null,
8 verbose parsed url   search: null,
8 verbose parsed url   query: null,
8 verbose parsed url   pathname: 'moongoose',
8 verbose parsed url   path: 'moongoose',
8 verbose parsed url   href: 'moongoose' }
9 silly lockFile 01f8586d-moongoose moongoose
10 verbose lock moongoose /home/ubuntu/.npm/01f8586d-moongoose.lock
11 silly lockFile 01f8586d-moongoose moongoose
12 silly lockFile 01f8586d-moongoose moongoose
13 verbose addNamed [ 'moongoose', '' ]
14 verbose addNamed [ null, '*' ]
15 silly lockFile 5953e2d4-moongoose moongoose@
16 verbose lock moongoose@ /home/ubuntu/.npm/5953e2d4-moongoose.lock
17 silly addNameRange { name: 'moongoose', range: '*', hasData: false }
18 verbose request where is /moongoose
19 verbose request registry https://registry.npmjs.org/
20 verbose request id 5db2f274ed735481
21 verbose url raw /moongoose
22 verbose url resolving [ 'https://registry.npmjs.org/', './moongoose' ]
23 verbose url resolved https://registry.npmjs.org/moongoose
24 verbose request where is https://registry.npmjs.org/moongoose
25 info trying registry request attempt 1 at 12:46:39
26 http GET https://registry.npmjs.org/moongoose
27 http 404 https://registry.npmjs.org/moongoose
28 silly registry.get cb [ 404,
28 silly registry.get   { 'content-type': 'application/json',
28 silly registry.get     'cache-control': 'max-age=0',
28 silly registry.get     'content-length': '2',
28 silly registry.get     'accept-ranges': 'bytes',
28 silly registry.get     date: 'Thu, 24 Sep 2015 12:46:40 GMT',
28 silly registry.get     via: '1.1 varnish',
28 silly registry.get     age: '0',
28 silly registry.get     connection: 'keep-alive',
28 silly registry.get     'x-served-by': 'cache-hkg6825-HKG',
28 silly registry.get     'x-cache': 'MISS',
28 silly registry.get     'x-cache-hits': '0',
28 silly registry.get     'x-timer': 'S1443098799.847063,VS0,VE684' } ]
29 silly lockFile 5953e2d4-moongoose moongoose@
30 silly lockFile 5953e2d4-moongoose moongoose@
31 error 404 Not Found
31 error 404
31 error 404 'moongoose' is not in the npm registry.
31 error 404 You should bug the author to publish it
31 error 404 It was specified as a dependency of 'nodejs'
31 error 404
31 error 404 Note that you can also install from a
31 error 404 tarball, folder, or http url, or git url.
32 error System Linux 3.14.13-c9
33 error command "/home/ubuntu/.nvm/v0.10.35/bin/node" "/home/ubuntu/.nvm/v0.10.35/bin/npm" "install" "moongoose" "--save"
34 error cwd /home/ubuntu/workspace
35 error node -v v0.10.35
36 error npm -v 1.4.28
37 error code E404
38 verbose exit [ 1, true ]
